* Starting client
* Connecting to master process on port 20071
* Analyzing classpath: 
  - C:\Users\ronys\git\fastjson\target\test-classes
  - C:\Users\ronys\git\fastjson\target\classes
  - C:\Users\ronys\.m2\repository\javax\servlet\javax.servlet-api\3.1.0\javax.servlet-api-3.1.0.jar
  - C:\Users\ronys\.m2\repository\javax\ws\rs\javax.ws.rs-api\2.0.1\javax.ws.rs-api-2.0.1.jar
  - C:\Users\ronys\.m2\repository\org\apache\cxf\cxf-rt-transports-http\3.1.2\cxf-rt-transports-http-3.1.2.jar
  - C:\Users\ronys\.m2\repository\org\apache\cxf\cxf-core\3.1.2\cxf-core-3.1.2.jar
  - C:\Users\ronys\.m2\repository\org\codehaus\woodstox\woodstox-core-asl\4.4.1\woodstox-core-asl-4.4.1.jar
  - C:\Users\ronys\.m2\repository\org\codehaus\woodstox\stax2-api\3.1.4\stax2-api-3.1.4.jar
  - C:\Users\ronys\.m2\repository\org\apache\ws\xmlschema\xmlschema-core\2.2.1\xmlschema-core-2.2.1.jar
  - C:\Users\ronys\.m2\repository\org\apache\cxf\cxf-rt-frontend-jaxrs\3.1.2\cxf-rt-frontend-jaxrs-3.1.2.jar
  - C:\Users\ronys\.m2\repository\javax\annotation\javax.annotation-api\1.2\javax.annotation-api-1.2.jar
  - C:\Users\ronys\.m2\repository\org\springframework\spring-websocket\4.3.7.RELEASE\spring-websocket-4.3.7.RELEASE.jar
  - C:\Users\ronys\.m2\repository\org\springframework\spring-context\4.3.7.RELEASE\spring-context-4.3.7.RELEASE.jar
  - C:\Users\ronys\.m2\repository\org\springframework\spring-core\4.3.7.RELEASE\spring-core-4.3.7.RELEASE.jar
  - C:\Users\ronys\.m2\repository\org\springframework\spring-web\4.3.7.RELEASE\spring-web-4.3.7.RELEASE.jar
  - C:\Users\ronys\.m2\repository\org\springframework\spring-webmvc\4.3.7.RELEASE\spring-webmvc-4.3.7.RELEASE.jar
  - C:\Users\ronys\.m2\repository\org\springframework\spring-aop\4.3.7.RELEASE\spring-aop-4.3.7.RELEASE.jar
  - C:\Users\ronys\.m2\repository\org\springframework\spring-beans\4.3.7.RELEASE\spring-beans-4.3.7.RELEASE.jar
  - C:\Users\ronys\.m2\repository\org\springframework\spring-expression\4.3.7.RELEASE\spring-expression-4.3.7.RELEASE.jar
  - C:\Users\ronys\.m2\repository\org\springframework\spring-messaging\4.3.7.RELEASE\spring-messaging-4.3.7.RELEASE.jar
  - C:\Users\ronys\.m2\repository\org\springframework\data\spring-data-redis\1.8.6.RELEASE\spring-data-redis-1.8.6.RELEASE.jar
  - C:\Users\ronys\.m2\repository\org\springframework\data\spring-data-keyvalue\1.2.6.RELEASE\spring-data-keyvalue-1.2.6.RELEASE.jar
  - C:\Users\ronys\.m2\repository\org\springframework\spring-tx\4.3.10.RELEASE\spring-tx-4.3.10.RELEASE.jar
  - C:\Users\ronys\.m2\repository\org\springframework\spring-oxm\4.3.10.RELEASE\spring-oxm-4.3.10.RELEASE.jar
  - C:\Users\ronys\.m2\repository\org\springframework\spring-context-support\4.3.10.RELEASE\spring-context-support-4.3.10.RELEASE.jar
  - C:\Users\ronys\.m2\repository\org\slf4j\slf4j-api\1.7.25\slf4j-api-1.7.25.jar
  - C:\Users\ronys\.m2\repository\org\slf4j\jcl-over-slf4j\1.7.25\jcl-over-slf4j-1.7.25.jar
  - C:\Users\ronys\.m2\repository\com\squareup\retrofit2\retrofit\2.5.0\retrofit-2.5.0.jar
  - C:\Users\ronys\.m2\repository\com\squareup\okhttp3\okhttp\3.6.0\okhttp-3.6.0.jar
  - C:\Users\ronys\.m2\repository\com\squareup\okio\okio\1.11.0\okio-1.11.0.jar
  - C:\Users\ronys\.m2\repository\io\springfox\springfox-spring-web\2.6.1\springfox-spring-web-2.6.1.jar
  - C:\Users\ronys\.m2\repository\com\google\guava\guava\18.0\guava-18.0.jar
  - C:\Users\ronys\.m2\repository\com\fasterxml\classmate\1.3.1\classmate-1.3.1.jar
  - C:\Users\ronys\.m2\repository\org\springframework\plugin\spring-plugin-core\1.2.0.RELEASE\spring-plugin-core-1.2.0.RELEASE.jar
  - C:\Users\ronys\.m2\repository\org\springframework\plugin\spring-plugin-metadata\1.2.0.RELEASE\spring-plugin-metadata-1.2.0.RELEASE.jar
  - C:\Users\ronys\.m2\repository\io\springfox\springfox-spi\2.6.1\springfox-spi-2.6.1.jar
  - C:\Users\ronys\.m2\repository\io\springfox\springfox-core\2.6.1\springfox-core-2.6.1.jar
  - C:\Users\ronys\.m2\repository\io\javaslang\javaslang\2.0.6\javaslang-2.0.6.jar
  - C:\Users\ronys\.m2\repository\io\javaslang\javaslang-match\2.0.6\javaslang-match-2.0.6.jar
  - C:\Users\ronys\.m2\repository\org\glassfish\jersey\core\jersey-common\2.23.2\jersey-common-2.23.2.jar
  - C:\Users\ronys\.m2\repository\org\glassfish\jersey\bundles\repackaged\jersey-guava\2.23.2\jersey-guava-2.23.2.jar
  - C:\Users\ronys\.m2\repository\org\glassfish\hk2\hk2-api\2.5.0-b05\hk2-api-2.5.0-b05.jar
  - C:\Users\ronys\.m2\repository\org\glassfish\hk2\hk2-utils\2.5.0-b05\hk2-utils-2.5.0-b05.jar
  - C:\Users\ronys\.m2\repository\org\glassfish\hk2\external\aopalliance-repackaged\2.5.0-b05\aopalliance-repackaged-2.5.0-b05.jar
  - C:\Users\ronys\.m2\repository\org\glassfish\hk2\external\javax.inject\2.5.0-b05\javax.inject-2.5.0-b05.jar
  - C:\Users\ronys\.m2\repository\org\glassfish\hk2\hk2-locator\2.5.0-b05\hk2-locator-2.5.0-b05.jar
  - C:\Users\ronys\.m2\repository\org\glassfish\hk2\osgi-resource-locator\1.0.1\osgi-resource-locator-1.0.1.jar
  - C:\Users\ronys\.m2\repository\joda-time\joda-time\2.10\joda-time-2.10.jar
  - C:\Users\ronys\.m2\repository\net\sf\trove4j\core\3.1.0\core-3.1.0.jar
  - C:\Users\ronys\.m2\repository\org\javamoney\moneta\moneta-core\1.3\moneta-core-1.3.jar
  - C:\Users\ronys\.m2\repository\javax\money\money-api\1.0.3\money-api-1.0.3.jar
  - C:\Users\ronys\.m2\repository\io\airlift\slice\0.36\slice-0.36.jar
  - C:\Users\ronys\.m2\repository\org\openjdk\jol\jol-core\0.2\jol-core-0.2.jar
  - C:\Users\ronys\.m2\repository\org\eclipse\jetty\jetty-server\9.4.17.v20190418\jetty-server-9.4.17.v20190418.jar
  - C:\Users\ronys\.m2\repository\org\eclipse\jetty\jetty-http\9.4.17.v20190418\jetty-http-9.4.17.v20190418.jar
  - C:\Users\ronys\.m2\repository\org\eclipse\jetty\jetty-util\9.4.17.v20190418\jetty-util-9.4.17.v20190418.jar
  - C:\Users\ronys\.m2\repository\org\eclipse\jetty\jetty-io\9.4.17.v20190418\jetty-io-9.4.17.v20190418.jar
  - C:\Users\ronys\.m2\repository\org\eclipse\jetty\jetty-webapp\9.4.17.v20190418\jetty-webapp-9.4.17.v20190418.jar
  - C:\Users\ronys\.m2\repository\org\eclipse\jetty\jetty-xml\9.4.17.v20190418\jetty-xml-9.4.17.v20190418.jar
  - C:\Users\ronys\.m2\repository\org\eclipse\jetty\jetty-servlet\9.4.17.v20190418\jetty-servlet-9.4.17.v20190418.jar
  - C:\Users\ronys\.m2\repository\org\eclipse\jetty\jetty-security\9.4.17.v20190418\jetty-security-9.4.17.v20190418.jar
  - C:\Users\ronys\.m2\repository\junit\junit\4.12\junit-4.12.jar
  - C:\Users\ronys\.m2\repository\org\hamcrest\hamcrest-core\1.3\hamcrest-core-1.3.jar
  - C:\Users\ronys\.m2\repository\com\fasterxml\jackson\core\jackson-databind\2.10.0\jackson-databind-2.10.0.jar
  - C:\Users\ronys\.m2\repository\com\fasterxml\jackson\core\jackson-annotations\2.10.0\jackson-annotations-2.10.0.jar
  - C:\Users\ronys\.m2\repository\com\fasterxml\jackson\core\jackson-core\2.10.0\jackson-core-2.10.0.jar
  - C:\Users\ronys\.m2\repository\com\fasterxml\jackson\module\jackson-module-afterburner\2.10.0\jackson-module-afterburner-2.10.0.jar
  - C:\Users\ronys\.m2\repository\com\fasterxml\jackson\module\jackson-module-kotlin\2.9.10\jackson-module-kotlin-2.9.10.jar
  - C:\Users\ronys\.m2\repository\cglib\cglib-nodep\2.2.2\cglib-nodep-2.2.2.jar
  - C:\Users\ronys\.m2\repository\com\fasterxml\jackson\jaxrs\jackson-jaxrs-json-provider\2.9.10\jackson-jaxrs-json-provider-2.9.10.jar
  - C:\Users\ronys\.m2\repository\com\fasterxml\jackson\jaxrs\jackson-jaxrs-base\2.9.10\jackson-jaxrs-base-2.9.10.jar
  - C:\Users\ronys\.m2\repository\com\fasterxml\jackson\module\jackson-module-jaxb-annotations\2.9.10\jackson-module-jaxb-annotations-2.9.10.jar
  - C:\Users\ronys\.m2\repository\com\googlecode\json-simple\json-simple\1.1.1\json-simple-1.1.1.jar
  - C:\Users\ronys\.m2\repository\commons-io\commons-io\1.4\commons-io-1.4.jar
  - C:\Users\ronys\.m2\repository\net\sf\json-lib\json-lib\2.4\json-lib-2.4-jdk15.jar
  - C:\Users\ronys\.m2\repository\commons-beanutils\commons-beanutils\1.8.0\commons-beanutils-1.8.0.jar
  - C:\Users\ronys\.m2\repository\commons-collections\commons-collections\3.2.1\commons-collections-3.2.1.jar
  - C:\Users\ronys\.m2\repository\commons-lang\commons-lang\2.5\commons-lang-2.5.jar
  - C:\Users\ronys\.m2\repository\commons-logging\commons-logging\1.1.1\commons-logging-1.1.1.jar
  - C:\Users\ronys\.m2\repository\net\sf\ezmorph\ezmorph\1.0.6\ezmorph-1.0.6.jar
  - C:\Users\ronys\.m2\repository\com\google\code\gson\gson\2.6.2\gson-2.6.2.jar
  - C:\Users\ronys\.m2\repository\net\minidev\json-smart\2.2.1\json-smart-2.2.1.jar
  - C:\Users\ronys\.m2\repository\net\minidev\accessors-smart\1.1\accessors-smart-1.1.jar
  - C:\Users\ronys\.m2\repository\org\clojure\clojure\1.5.1\clojure-1.5.1.jar
  - C:\Users\ronys\.m2\repository\org\codehaus\groovy\groovy\2.1.5\groovy-2.1.5.jar
